02:49:29: Creating resource group General
02:49:29: Creating resource group OgreInternal
02:49:29: Creating resource group OgreAutodetect
02:49:29: Registering ResourceManager for type Material
02:49:29: Registering ResourceManager for type Skeleton
02:49:29: Registering ResourceManager for type Mesh
02:50:25: MeshSerializer writing mesh data to stream rock.mesh...
02:50:25: File header written.
02:50:25: Writing mesh data...
02:50:25: Writing submesh...
02:50:25: Exporting submesh texture aliases...
02:50:25: Submesh texture aliases exported.
02:50:25: Submesh exported.
02:50:25: Exporting LOD information....
02:50:25: LOD information exported.
02:50:25: Exporting bounds information....
02:50:25: Bounds information exported.
02:50:25: Exporting submesh name table...
02:50:25: Submesh name table exported.
02:50:25: Mesh data exported.
02:50:25: MeshSerializer export successful.
02:50:25: Unregistering ResourceManager for type Mesh
02:50:25: Unregistering ResourceManager for type Skeleton
02:50:25: Unregistering ResourceManager for type Material
