03:35:41: Creating resource group General
03:35:41: Creating resource group OgreInternal
03:35:41: Creating resource group OgreAutodetect
03:35:41: Registering ResourceManager for type Material
03:35:41: Registering ResourceManager for type Skeleton
03:35:41: Registering ResourceManager for type Mesh
03:35:41: MeshSerializer writing mesh data to stream 3D452.mesh...
03:35:41: File header written.
03:35:41: Writing mesh data...
03:35:41: Writing submesh...
03:35:41: Exporting submesh texture aliases...
03:35:41: Submesh texture aliases exported.
03:35:41: Submesh exported.
03:35:41: Writing submesh...
03:35:41: Exporting submesh texture aliases...
03:35:41: Submesh texture aliases exported.
03:35:41: Submesh exported.
03:35:41: Writing submesh...
03:35:41: Exporting submesh texture aliases...
03:35:41: Submesh texture aliases exported.
03:35:41: Submesh exported.
03:35:41: Writing submesh...
03:35:41: Exporting submesh texture aliases...
03:35:41: Submesh texture aliases exported.
03:35:41: Submesh exported.
03:35:41: Writing submesh...
03:35:41: Exporting submesh texture aliases...
03:35:41: Submesh texture aliases exported.
03:35:41: Submesh exported.
03:35:41: Writing submesh...
03:35:41: Exporting submesh texture aliases...
03:35:41: Submesh texture aliases exported.
03:35:41: Submesh exported.
03:35:41: Writing submesh...
03:35:41: Exporting submesh texture aliases...
03:35:41: Submesh texture aliases exported.
03:35:41: Submesh exported.
03:35:41: Writing submesh...
03:35:41: Exporting submesh texture aliases...
03:35:41: Submesh texture aliases exported.
03:35:41: Submesh exported.
03:35:41: Writing submesh...
03:35:41: Exporting submesh texture aliases...
03:35:41: Submesh texture aliases exported.
03:35:41: Submesh exported.
03:35:41: Writing submesh...
03:35:41: Exporting submesh texture aliases...
03:35:41: Submesh texture aliases exported.
03:35:41: Submesh exported.
03:35:41: Writing submesh...
03:35:41: Exporting submesh texture aliases...
03:35:41: Submesh texture aliases exported.
03:35:41: Submesh exported.
03:35:41: Writing submesh...
03:35:41: Exporting submesh texture aliases...
03:35:41: Submesh texture aliases exported.
03:35:41: Submesh exported.
03:35:41: Writing submesh...
03:35:41: Exporting submesh texture aliases...
03:35:41: Submesh texture aliases exported.
03:35:41: Submesh exported.
03:35:41: Writing submesh...
03:35:41: Exporting submesh texture aliases...
03:35:41: Submesh texture aliases exported.
03:35:41: Submesh exported.
03:35:41: Writing submesh...
03:35:41: Exporting submesh texture aliases...
03:35:41: Submesh texture aliases exported.
03:35:41: Submesh exported.
03:35:41: Writing submesh...
03:35:41: Exporting submesh texture aliases...
03:35:41: Submesh texture aliases exported.
03:35:41: Submesh exported.
03:35:41: Exporting LOD information....
03:35:41: LOD information exported.
03:35:41: Exporting bounds information....
03:35:41: Bounds information exported.
03:35:41: Exporting submesh name table...
03:35:41: Submesh name table exported.
03:35:41: Mesh data exported.
03:35:41: MeshSerializer export successful.
03:35:41: Unregistering ResourceManager for type Mesh
03:35:41: Unregistering ResourceManager for type Skeleton
03:35:41: Unregistering ResourceManager for type Material
