18:52:03: Creating resource group General
18:52:03: Creating resource group OgreInternal
18:52:03: Creating resource group OgreAutodetect
18:52:03: Registering ResourceManager for type Mesh
18:52:03: Registering ResourceManager for type Material
18:52:03: Registering ResourceManager for type Skeleton
18:52:03: XMLMeshSerializer reading mesh data from /home/balrog/Documents/OGRE/Plane.mesh.xml...
18:52:03: Reading geometry...
18:52:03: Geometry done...
18:52:03: Reading submeshes...
18:52:03: Error: empty material name encountered. This violates the specs and can lead to crashes.
18:52:03: Submeshes done.
18:52:03: Reading mesh names...
18:52:03: Mesh names done.
18:52:03: XMLMeshSerializer import successful.
18:52:03: MeshSerializer writing mesh data to stream /home/balrog/Documents/OGRE/Plane.mesh...
18:52:03: File header written.
18:52:03: Writing mesh data...
18:52:03: Writing submesh...
18:52:03: Exporting submesh texture aliases...
18:52:03: Submesh texture aliases exported.
18:52:03: Submesh exported.
18:52:03: Exporting bounds information....
18:52:03: Bounds information exported.
18:52:03: Exporting submesh name table...
18:52:03: Submesh name table exported.
18:52:03: Mesh data exported.
18:52:03: MeshSerializer export successful.
18:52:03: Unregistering ResourceManager for type Skeleton
18:52:03: Unregistering ResourceManager for type Material
18:52:03: Unregistering ResourceManager for type Mesh
